<?xml version="1.0" encoding="UTF-8"?>
<testsuite xmlns:xsi="http://www.w3.org/2001/XMLSchema-instance" xsi:noNamespaceSchemaLocation="https://maven.apache.org/surefire/maven-surefire-plugin/xsd/surefire-test-report-3.0.xsd" version="3.0" name="br.com.framework.agencianegro.AgencianegroApplicationTests" time="3.28" tests="1" errors="0" skipped="0" failures="0">
  <properties>
[...]
</properties>
  <testcase name="contextLoads" classname="br.com.framework.agencianegro.AgencianegroApplicationTests" time="0.77">
    <system-out><![CDATA[14:01:32.272 [main] INFO org.springframework.test.context.support.AnnotationConfigContextLoaderUtils -- Could not detect default configuration classes for test class [br.com.framework.agencianegro.AgencianegroApplicationTests]: AgencianegroApplicationTests does not declare any static, non-private, non-final, nested classes annotated with @Configuration.
14:01:32.374 [main] INFO org.springframework.boot.test.context.SpringBootTestContextBootstrapper -- Found @SpringBootConfiguration br.com.framework.agencianegro.AgencianegroApplication for test class br.com.framework.agencianegro.AgencianegroApplicationTests

  .   ____          _            __ _ _
 /\\ / ___'_ __ _ _(_)_ __  __ _ \ \ \ \
( ( )\___ | '_ | '_| | '_ \/ _` | \ \ \ \
 \\/  ___)| |_)| | | | | || (_| |  ) ) ) )
  '  |____| .__|_| |_|_| |_\__, | / / / /
 =========|_|==============|___/=/_/_/_/
 :: Spring Boot ::                (v3.2.3)

2024-03-11T14:01:32.771-03:00  INFO 1092 --- [agencianegro] [           main] b.c.f.a.AgencianegroApplicationTests     : Starting AgencianegroApplicationTests using Java 21.0.2 with PID 1092 (started by kaueg in C:\Users\kaueg\Projetos\agencianegro\agencianegro)
2024-03-11T14:01:32.773-03:00  INFO 1092 --- [agencianegro] [           main] b.c.f.a.AgencianegroApplicationTests     : No active profile set, falling back to 1 default profile: "default"
2024-03-11T14:01:33.354-03:00  INFO 1092 --- [agencianegro] [           main] .s.d.r.c.RepositoryConfigurationDelegate : Bootstrapping Spring Data MongoDB repositories in DEFAULT mode.
2024-03-11T14:01:33.370-03:00  INFO 1092 --- [agencianegro] [           main] .s.d.r.c.RepositoryConfigurationDelegate : Finished Spring Data repository scanning in 11 ms. Found 0 MongoDB repository interfaces.
2024-03-11T14:01:34.135-03:00  INFO 1092 --- [agencianegro] [           main] org.mongodb.driver.client                : MongoClient with metadata {"driver": {"name": "mongo-java-driver|sync|spring-boot", "version": "4.11.1"}, "os": {"type": "Windows", "name": "Windows 11", "architecture": "amd64", "version": "10.0"}, "platform": "Java/Oracle Corporation/21.0.2+13-LTS-58"} created with settings MongoClientSettings{readPreference=primary, writeConcern=WriteConcern{w=null, wTimeout=null ms, journal=null}, retryWrites=true, retryReads=true, readConcern=ReadConcern{level=null}, credential=null, transportSettings=null, streamFactoryFactory=null, commandListeners=[], codecRegistry=ProvidersCodecRegistry{codecProviders=[ValueCodecProvider{}, BsonValueCodecProvider{}, DBRefCodecProvider{}, DBObjectCodecProvider{}, DocumentCodecProvider{}, CollectionCodecProvider{}, IterableCodecProvider{}, MapCodecProvider{}, GeoJsonCodecProvider{}, GridFSFileCodecProvider{}, Jsr310CodecProvider{}, JsonObjectCodecProvider{}, BsonCodecProvider{}, EnumCodecProvider{}, com.mongodb.client.model.mql.ExpressionCodecProvider@30a7653e, com.mongodb.Jep395RecordCodecProvider@7cff3f1d, com.mongodb.KotlinCodecProvider@6401188a]}, loggerSettings=LoggerSettings{maxDocumentLength=1000}, clusterSettings={hosts=[localhost:27017], srvServiceName=mongodb, mode=SINGLE, requiredClusterType=UNKNOWN, requiredReplicaSetName='null', serverSelector='null', clusterListeners='[]', serverSelectionTimeout='30000 ms', localThreshold='15 ms'}, socketSettings=SocketSettings{connectTimeoutMS=10000, readTimeoutMS=0, receiveBufferSize=0, proxySettings=ProxySettings{host=null, port=null, username=null, password=null}}, heartbeatSocketSettings=SocketSettings{connectTimeoutMS=10000, readTimeoutMS=10000, receiveBufferSize=0, proxySettings=ProxySettings{host=null, port=null, username=null, password=null}}, connectionPoolSettings=ConnectionPoolSettings{maxSize=100, minSize=0, maxWaitTimeMS=120000, maxConnectionLifeTimeMS=0, maxConnectionIdleTimeMS=0, maintenanceInitialDelayMS=0, maintenanceFrequencyMS=60000, connectionPoolListeners=[], maxConnecting=2}, serverSettings=ServerSettings{heartbeatFrequencyMS=10000, minHeartbeatFrequencyMS=500, serverListeners='[]', serverMonitorListeners='[]'}, sslSettings=SslSettings{enabled=false, invalidHostNameAllowed=false, context=null}, applicationName='null', compressorList=[], uuidRepresentation=JAVA_LEGACY, serverApi=null, autoEncryptionSettings=null, dnsClient=null, inetAddressResolver=null, contextProvider=null}
2024-03-11T14:01:34.143-03:00  INFO 1092 --- [agencianegro] [localhost:27017] org.mongodb.driver.cluster               : Exception in monitor thread while connecting to server localhost:27017

com.mongodb.MongoSocketOpenException: Exception opening socket
	at com.mongodb.internal.connection.SocketStream.lambda$open$0(SocketStream.java:84) ~[mongodb-driver-core-4.11.1.jar:na]
	at java.base/java.util.Optional.orElseThrow(Optional.java:403) ~[na:na]
	at com.mongodb.internal.connection.SocketStream.open(SocketStream.java:84) ~[mongodb-driver-core-4.11.1.jar:na]
	at com.mongodb.internal.connection.InternalStreamConnection.open(InternalStreamConnection.java:211) ~[mongodb-driver-core-4.11.1.jar:na]
	at com.mongodb.internal.connection.DefaultServerMonitor$ServerMonitorRunnable.lookupServerDescription(DefaultServerMonitor.java:196) ~[mongodb-driver-core-4.11.1.jar:na]
	at com.mongodb.internal.connection.DefaultServerMonitor$ServerMonitorRunnable.run(DefaultServerMonitor.java:156) ~[mongodb-driver-core-4.11.1.jar:na]
	at java.base/java.lang.Thread.run(Thread.java:1583) ~[na:na]
Caused by: java.net.ConnectException: Connection refused: getsockopt
	at java.base/sun.nio.ch.Net.pollConnect(Native Method) ~[na:na]
	at java.base/sun.nio.ch.Net.pollConnectNow(Net.java:682) ~[na:na]
	at java.base/sun.nio.ch.NioSocketImpl.timedFinishConnect(NioSocketImpl.java:542) ~[na:na]
	at java.base/sun.nio.ch.NioSocketImpl.connect(NioSocketImpl.java:592) ~[na:na]
	at java.base/java.net.SocksSocketImpl.connect(SocksSocketImpl.java:327) ~[na:na]
	at java.base/java.net.Socket.connect(Socket.java:751) ~[na:na]
	at com.mongodb.internal.connection.SocketStreamHelper.initialize(SocketStreamHelper.java:76) ~[mongodb-driver-core-4.11.1.jar:na]
	at com.mongodb.internal.connection.SocketStream.initializeSocket(SocketStream.java:104) ~[mongodb-driver-core-4.11.1.jar:na]
	at com.mongodb.internal.connection.SocketStream.open(SocketStream.java:78) ~[mongodb-driver-core-4.11.1.jar:na]
	... 4 common frames omitted

2024-03-11T14:01:34.372-03:00  WARN 1092 --- [agencianegro] [           main] .s.s.UserDetailsServiceAutoConfiguration : 

Using generated security password: 1a28642e-9705-431e-b9ef-40ea45ef2d18

This generated password is for development use only. Your security configuration must be updated before running your application in production.

2024-03-11T14:01:34.549-03:00  INFO 1092 --- [agencianegro] [           main] o.s.s.web.DefaultSecurityFilterChain     : Will secure any request with [org.springframework.security.web.session.DisableEncodeUrlFilter@3e52ed5d, org.springframework.security.web.context.request.async.WebAsyncManagerIntegrationFilter@6a96d639, org.springframework.security.web.context.SecurityContextHolderFilter@74431b9c, org.springframework.security.web.header.HeaderWriterFilter@66d3b881, org.springframework.web.filter.CorsFilter@28e94c2, org.springframework.security.web.csrf.CsrfFilter@7574d4ad, org.springframework.security.web.authentication.logout.LogoutFilter@314b7945, org.springframework.security.web.authentication.UsernamePasswordAuthenticationFilter@b7d2d51, org.springframework.security.web.authentication.ui.DefaultLoginPageGeneratingFilter@539316bb, org.springframework.security.web.authentication.ui.DefaultLogoutPageGeneratingFilter@3d40498a, org.springframework.security.web.authentication.www.BasicAuthenticationFilter@5170bc02, org.springframework.security.web.savedrequest.RequestCacheAwareFilter@1883871b, org.springframework.security.web.servletapi.SecurityContextHolderAwareRequestFilter@3e0a9b1d, org.springframework.security.web.authentication.AnonymousAuthenticationFilter@14d1737a, org.springframework.security.web.access.ExceptionTranslationFilter@1cba0321, org.springframework.security.web.access.intercept.AuthorizationFilter@288728e]
2024-03-11T14:01:34.607-03:00  INFO 1092 --- [agencianegro] [           main] b.c.f.a.AgencianegroApplicationTests     : Started AgencianegroApplicationTests in 2.091 seconds (process running for 3.046)
]]></system-out>
    <system-err><![CDATA[WARNING: A Java agent has been loaded dynamically (C:\Users\kaueg\.m2\repository\net\bytebuddy\byte-buddy-agent\1.14.12\byte-buddy-agent-1.14.12.jar)
WARNING: If a serviceability tool is in use, please run with -XX:+EnableDynamicAgentLoading to hide this warning
WARNING: If a serviceability tool is not in use, please run with -Djdk.instrument.traceUsage for more information
WARNING: Dynamic loading of agents will be disallowed by default in a future release
]]></system-err>
  </testcase>
</testsuite>